mode: atomic
inventory/internal/service/part/get.go:9.82,11.16 2 0
inventory/internal/service/part/get.go:11.16,13.3 1 0
inventory/internal/service/part/get.go:15.2,15.18 1 0
inventory/internal/service/part/list.go:8.100,11.2 1 0
inventory/internal/service/part/service.go:9.55,11.2 1 0
inventory/internal/service/part/update.go:9.84,12.16 2 0
inventory/internal/service/part/update.go:12.16,14.3 1 0
inventory/internal/service/part/update.go:16.2,16.49 1 0
inventory/internal/service/part/update.go:16.49,18.3 1 0
inventory/internal/service/part/update.go:20.2,21.16 2 0
inventory/internal/service/part/update.go:21.16,23.3 1 0
inventory/internal/service/part/update.go:25.2,25.12 1 0
inventory/internal/repository/part/get.go:12.79,20.33 5 0
inventory/internal/repository/part/get.go:20.33,23.3 2 0
inventory/internal/repository/part/get.go:25.2,25.18 1 0
inventory/internal/repository/part/init.go:15.84,23.2 3 0
inventory/internal/repository/part/init.go:25.51,42.16 5 0
inventory/internal/repository/part/init.go:42.16,44.3 1 0
inventory/internal/repository/part/list.go:10.102,15.24 3 0
inventory/internal/repository/part/list.go:15.24,16.33 1 0
inventory/internal/repository/part/list.go:16.33,18.4 1 0
inventory/internal/repository/part/list.go:19.3,19.33 1 0
inventory/internal/repository/part/list.go:19.33,21.4 1 0
inventory/internal/repository/part/list.go:22.3,22.38 1 0
inventory/internal/repository/part/list.go:22.38,24.4 1 0
inventory/internal/repository/part/list.go:25.3,25.32 1 0
inventory/internal/repository/part/list.go:25.32,27.4 1 0
inventory/internal/repository/part/list.go:28.3,28.49 1 0
inventory/internal/repository/part/list.go:28.49,30.4 1 0
inventory/internal/repository/part/list.go:33.2,34.16 2 0
inventory/internal/repository/part/list.go:34.16,36.3 1 0
inventory/internal/repository/part/list.go:37.2,39.48 2 0
inventory/internal/repository/part/list.go:39.48,41.3 1 0
inventory/internal/repository/part/list.go:43.2,43.19 1 0
inventory/internal/repository/part/update.go:9.81,18.2 4 0
