mode: atomic
order/internal/repository/order/create.go:9.70,29.2 4 0
order/internal/repository/order/get.go:9.76,29.16 5 0
order/internal/repository/order/get.go:29.16,31.3 1 0
order/internal/repository/order/get.go:33.2,33.63 1 0
order/internal/repository/order/get.go:33.63,35.3 1 0
order/internal/repository/order/get.go:37.2,37.19 1 0
order/internal/repository/order/repository.go:13.65,15.2 1 0
order/internal/repository/order/update.go:10.70,19.16 3 0
order/internal/repository/order/update.go:19.16,21.3 1 0
order/internal/repository/order/update.go:23.2,29.16 2 0
order/internal/repository/order/update.go:29.16,31.3 1 0
order/internal/repository/order/update.go:32.2,32.29 1 0
order/internal/repository/order/update.go:32.29,34.3 1 0
order/internal/repository/order/update.go:36.2,36.12 1 0
order/internal/repository/order/create.go:9.70,29.2 4 0
order/internal/repository/order/get.go:9.76,29.16 5 0
order/internal/repository/order/get.go:29.16,31.3 1 0
order/internal/repository/order/get.go:33.2,33.63 1 0
order/internal/repository/order/get.go:33.63,35.3 1 0
order/internal/repository/order/get.go:37.2,37.19 1 0
order/internal/repository/order/repository.go:13.65,15.2 1 0
order/internal/repository/order/update.go:10.70,19.16 3 0
order/internal/repository/order/update.go:19.16,21.3 1 0
order/internal/repository/order/update.go:23.2,29.16 2 0
order/internal/repository/order/update.go:29.16,31.3 1 0
order/internal/repository/order/update.go:32.2,32.29 1 0
order/internal/repository/order/update.go:32.29,34.3 1 0
order/internal/repository/order/update.go:36.2,36.12 1 0
order/internal/service/order/cancel.go:8.76,10.16 2 0
order/internal/service/order/cancel.go:10.16,12.3 1 0
order/internal/service/order/cancel.go:14.2,14.28 1 0
order/internal/service/order/cancel.go:14.28,16.3 1 0
order/internal/service/order/cancel.go:18.2,21.16 3 0
order/internal/service/order/cancel.go:21.16,23.3 1 0
order/internal/service/order/cancel.go:25.2,25.12 1 0
order/internal/service/order/create.go:12.88,15.35 2 2
order/internal/service/order/create.go:15.35,17.17 2 2
order/internal/service/order/create.go:17.17,19.4 1 1
order/internal/service/order/create.go:21.3,21.52 1 1
order/internal/service/order/create.go:25.2,31.16 6 1
order/internal/service/order/create.go:31.16,33.3 1 0
order/internal/service/order/create.go:35.2,35.24 1 1
order/internal/service/order/get.go:9.84,11.16 2 2
order/internal/service/order/get.go:11.16,13.3 1 1
order/internal/service/order/get.go:14.2,14.19 1 1
order/internal/service/order/pay.go:8.82,10.16 2 3
order/internal/service/order/pay.go:10.16,12.3 1 0
order/internal/service/order/pay.go:14.2,14.28 1 3
order/internal/service/order/pay.go:14.28,16.3 1 1
order/internal/service/order/pay.go:17.2,17.33 1 2
order/internal/service/order/pay.go:17.33,19.3 1 0
order/internal/service/order/pay.go:21.2,22.16 2 2
order/internal/service/order/pay.go:22.16,24.3 1 1
order/internal/service/order/pay.go:25.2,30.16 4 1
order/internal/service/order/pay.go:30.16,32.3 1 0
order/internal/service/order/pay.go:34.2,34.12 1 1
order/internal/service/order/service.go:17.12,22.2 1 0
