mode: atomic
payment/internal/service/payment/pay.go:11.105,26.2 5 0
payment/internal/service/payment/service.go:13.28,17.2 1 0
order/internal/repository/order/create.go:9.70,29.2 4 0
order/internal/repository/order/get.go:9.76,29.16 5 0
order/internal/repository/order/get.go:29.16,31.3 1 0
order/internal/repository/order/get.go:33.2,33.63 1 0
order/internal/repository/order/get.go:33.63,35.3 1 0
order/internal/repository/order/get.go:37.2,37.19 1 0
order/internal/repository/order/repository.go:13.65,15.2 1 0
order/internal/repository/order/update.go:10.70,19.16 3 0
order/internal/repository/order/update.go:19.16,21.3 1 0
order/internal/repository/order/update.go:23.2,29.16 2 0
order/internal/repository/order/update.go:29.16,31.3 1 0
order/internal/repository/order/update.go:32.2,32.29 1 0
order/internal/repository/order/update.go:32.29,34.3 1 0
order/internal/repository/order/update.go:36.2,36.12 1 0
order/internal/repository/order/create.go:9.70,29.2 4 0
order/internal/repository/order/get.go:9.76,29.16 5 0
order/internal/repository/order/get.go:29.16,31.3 1 0
order/internal/repository/order/get.go:33.2,33.63 1 0
order/internal/repository/order/get.go:33.63,35.3 1 0
order/internal/repository/order/get.go:37.2,37.19 1 0
order/internal/repository/order/repository.go:13.65,15.2 1 0
order/internal/repository/order/update.go:10.70,19.16 3 0
order/internal/repository/order/update.go:19.16,21.3 1 0
order/internal/repository/order/update.go:23.2,29.16 2 0
order/internal/repository/order/update.go:29.16,31.3 1 0
order/internal/repository/order/update.go:32.2,32.29 1 0
order/internal/repository/order/update.go:32.29,34.3 1 0
order/internal/repository/order/update.go:36.2,36.12 1 0
order/internal/service/order/cancel.go:8.76,10.16 2 0
order/internal/service/order/cancel.go:10.16,12.3 1 0
order/internal/service/order/cancel.go:14.2,14.28 1 0
order/internal/service/order/cancel.go:14.28,16.3 1 0
order/internal/service/order/cancel.go:18.2,21.16 3 0
order/internal/service/order/cancel.go:21.16,23.3 1 0
order/internal/service/order/cancel.go:25.2,25.12 1 0
order/internal/service/order/create.go:12.88,15.35 2 2
order/internal/service/order/create.go:15.35,17.17 2 2
order/internal/service/order/create.go:17.17,19.4 1 1
order/internal/service/order/create.go:21.3,21.52 1 1
order/internal/service/order/create.go:25.2,31.16 6 1
order/internal/service/order/create.go:31.16,33.3 1 0
order/internal/service/order/create.go:35.2,35.24 1 1
order/internal/service/order/get.go:9.84,11.16 2 2
order/internal/service/order/get.go:11.16,13.3 1 1
order/internal/service/order/get.go:14.2,14.19 1 1
order/internal/service/order/pay.go:8.82,10.16 2 3
order/internal/service/order/pay.go:10.16,12.3 1 0
order/internal/service/order/pay.go:14.2,14.28 1 3
order/internal/service/order/pay.go:14.28,16.3 1 1
order/internal/service/order/pay.go:17.2,17.33 1 2
order/internal/service/order/pay.go:17.33,19.3 1 0
order/internal/service/order/pay.go:21.2,22.16 2 2
order/internal/service/order/pay.go:22.16,24.3 1 1
order/internal/service/order/pay.go:25.2,30.16 4 1
order/internal/service/order/pay.go:30.16,32.3 1 0
order/internal/service/order/pay.go:34.2,34.12 1 1
order/internal/service/order/service.go:17.12,22.2 1 0
inventory/internal/service/part/get.go:9.82,11.16 2 0
inventory/internal/service/part/get.go:11.16,13.3 1 0
inventory/internal/service/part/get.go:15.2,15.18 1 0
inventory/internal/service/part/list.go:8.100,11.2 1 0
inventory/internal/service/part/service.go:9.55,11.2 1 0
inventory/internal/service/part/update.go:9.84,12.16 2 0
inventory/internal/service/part/update.go:12.16,14.3 1 0
inventory/internal/service/part/update.go:16.2,16.49 1 0
inventory/internal/service/part/update.go:16.49,18.3 1 0
inventory/internal/service/part/update.go:20.2,21.16 2 0
inventory/internal/service/part/update.go:21.16,23.3 1 0
inventory/internal/service/part/update.go:25.2,25.12 1 0
inventory/internal/repository/part/get.go:12.79,20.33 5 0
inventory/internal/repository/part/get.go:20.33,23.3 2 0
inventory/internal/repository/part/get.go:25.2,25.18 1 0
inventory/internal/repository/part/init.go:15.84,23.2 3 0
inventory/internal/repository/part/init.go:25.51,42.16 5 0
inventory/internal/repository/part/init.go:42.16,44.3 1 0
inventory/internal/repository/part/list.go:10.102,15.24 3 0
inventory/internal/repository/part/list.go:15.24,16.33 1 0
inventory/internal/repository/part/list.go:16.33,18.4 1 0
inventory/internal/repository/part/list.go:19.3,19.33 1 0
inventory/internal/repository/part/list.go:19.33,21.4 1 0
inventory/internal/repository/part/list.go:22.3,22.38 1 0
inventory/internal/repository/part/list.go:22.38,24.4 1 0
inventory/internal/repository/part/list.go:25.3,25.32 1 0
inventory/internal/repository/part/list.go:25.32,27.4 1 0
inventory/internal/repository/part/list.go:28.3,28.49 1 0
inventory/internal/repository/part/list.go:28.49,30.4 1 0
inventory/internal/repository/part/list.go:33.2,34.16 2 0
inventory/internal/repository/part/list.go:34.16,36.3 1 0
inventory/internal/repository/part/list.go:37.2,39.48 2 0
inventory/internal/repository/part/list.go:39.48,41.3 1 0
inventory/internal/repository/part/list.go:43.2,43.19 1 0
inventory/internal/repository/part/update.go:9.81,18.2 4 0
